{"/home/colin/Documents/Projects/download-cdn/index.js":{"path":"/home/colin/Documents/Projects/download-cdn/index.js","s":{"1":1,"2":1,"3":1,"4":1,"5":1,"6":1,"7":13,"8":13,"9":6,"10":13,"11":11,"12":11,"13":11,"14":11,"15":2,"16":11,"17":10,"18":10,"19":10,"20":8,"21":8,"22":6,"23":8,"24":2,"25":8,"26":11,"27":1,"28":13,"29":0,"30":13,"31":0,"32":13,"33":1,"34":12,"35":1,"36":1,"37":10,"38":20,"39":29,"40":8,"41":21,"42":10,"43":1,"44":10,"45":10,"46":20,"47":19,"48":20,"49":29,"50":10,"51":18,"52":2,"53":1,"54":6,"55":6,"56":6,"57":12,"58":12,"59":18,"60":18,"61":18,"62":15,"63":6,"64":6,"65":1,"66":6,"67":4,"68":4,"69":2,"70":2,"71":0,"72":1,"73":6,"74":6,"75":12,"76":18,"77":6,"78":12,"79":24,"80":1,"81":18,"82":24,"83":18,"84":6,"85":12,"86":8,"87":12,"88":1,"89":15,"90":15,"91":15,"92":1,"93":15,"94":17,"95":15,"96":9,"97":9,"98":15,"99":1,"100":12,"101":4,"102":1,"103":19,"104":1,"105":15,"106":15,"107":15,"108":1,"109":16,"110":1,"111":2,"112":2,"113":4,"114":4,"115":6,"116":4,"117":2,"118":2,"119":1},"b":{"1":[6,7],"2":[4,7],"3":[11,8],"4":[6,2],"5":[2,6],"6":[0,13],"7":[13,3],"8":[0,13],"9":[13,2],"10":[1,12],"11":[13,10,3],"12":[3,2],"13":[1,11],"14":[12,3],"15":[8,21],"16":[29,8],"17":[19,1],"18":[2,16],"19":[15,3],"20":[2,0],"21":[24,12],"22":[24,12],"23":[6,12],"24":[12,4],"25":[17,9],"26":[9,6]},"f":{"1":13,"2":10,"3":10,"4":6,"5":6,"6":6,"7":18,"8":15,"9":15,"10":12,"11":19,"12":15,"13":16,"14":2},"fnMap":{"1":{"name":"validateOptions","line":42,"loc":{"start":{"line":42,"column":0},"end":{"line":42,"column":34}}},"2":{"name":"formatDependencies","line":61,"loc":{"start":{"line":61,"column":0},"end":{"line":61,"column":36}}},"3":{"name":"validateConfig","line":77,"loc":{"start":{"line":77,"column":0},"end":{"line":77,"column":32}}},"4":{"name":"downloadCdnLibs","line":101,"loc":{"start":{"line":101,"column":0},"end":{"line":101,"column":33}}},"5":{"name":"readCdnLockFile","line":136,"loc":{"start":{"line":136,"column":0},"end":{"line":136,"column":27}}},"6":{"name":"removeCdnLockEntriesNotInConfig","line":152,"loc":{"start":{"line":152,"column":0},"end":{"line":152,"column":58}}},"7":{"name":"shouldDownloadDependency","line":168,"loc":{"start":{"line":168,"column":0},"end":{"line":168,"column":58}}},"8":{"name":"downloadDependency","line":184,"loc":{"start":{"line":184,"column":0},"end":{"line":184,"column":48}}},"9":{"name":"updateCdnLockList","line":192,"loc":{"start":{"line":192,"column":0},"end":{"line":192,"column":41}}},"10":{"name":"hashFile","line":201,"loc":{"start":{"line":201,"column":0},"end":{"line":201,"column":28}}},"11":{"name":"createHash","line":206,"loc":{"start":{"line":206,"column":0},"end":{"line":206,"column":28}}},"12":{"name":"downloadFile","line":210,"loc":{"start":{"line":210,"column":0},"end":{"line":210,"column":44}}},"13":{"name":"sortByUrl","line":217,"loc":{"start":{"line":217,"column":0},"end":{"line":217,"column":25}}},"14":{"name":"addCdnEntriesToHtml","line":222,"loc":{"start":{"line":222,"column":0},"end":{"line":222,"column":66}}}},"statementMap":{"1":{"start":{"line":3,"column":0},"end":{"line":3,"column":36}},"2":{"start":{"line":4,"column":0},"end":{"line":4,"column":47}},"3":{"start":{"line":5,"column":0},"end":{"line":5,"column":52}},"4":{"start":{"line":6,"column":0},"end":{"line":6,"column":50}},"5":{"start":{"line":7,"column":0},"end":{"line":7,"column":33}},"6":{"start":{"line":9,"column":0},"end":{"line":40,"column":2}},"7":{"start":{"line":10,"column":4},"end":{"line":19,"column":5}},"8":{"start":{"line":11,"column":8},"end":{"line":11,"column":35}},"9":{"start":{"line":11,"column":22},"end":{"line":11,"column":35}},"10":{"start":{"line":12,"column":8},"end":{"line":12,"column":33}},"11":{"start":{"line":13,"column":8},"end":{"line":13,"column":44}},"12":{"start":{"line":14,"column":8},"end":{"line":14,"column":54}},"13":{"start":{"line":15,"column":8},"end":{"line":15,"column":88}},"14":{"start":{"line":16,"column":8},"end":{"line":16,"column":58}},"15":{"start":{"line":18,"column":8},"end":{"line":18,"column":35}},"16":{"start":{"line":22,"column":4},"end":{"line":37,"column":7}},"17":{"start":{"line":23,"column":8},"end":{"line":23,"column":38}},"18":{"start":{"line":24,"column":8},"end":{"line":24,"column":44}},"19":{"start":{"line":25,"column":8},"end":{"line":25,"column":31}},"20":{"start":{"line":26,"column":8},"end":{"line":26,"column":30}},"21":{"start":{"line":28,"column":8},"end":{"line":30,"column":9}},"22":{"start":{"line":29,"column":12},"end":{"line":29,"column":55}},"23":{"start":{"line":32,"column":8},"end":{"line":34,"column":9}},"24":{"start":{"line":33,"column":12},"end":{"line":33,"column":88}},"25":{"start":{"line":36,"column":8},"end":{"line":36,"column":41}},"26":{"start":{"line":39,"column":4},"end":{"line":39,"column":23}},"27":{"start":{"line":42,"column":0},"end":{"line":59,"column":1}},"28":{"start":{"line":43,"column":4},"end":{"line":45,"column":5}},"29":{"start":{"line":44,"column":8},"end":{"line":44,"column":62}},"30":{"start":{"line":47,"column":4},"end":{"line":49,"column":5}},"31":{"start":{"line":48,"column":8},"end":{"line":48,"column":67}},"32":{"start":{"line":51,"column":4},"end":{"line":54,"column":5}},"33":{"start":{"line":53,"column":8},"end":{"line":53,"column":107}},"34":{"start":{"line":56,"column":4},"end":{"line":58,"column":5}},"35":{"start":{"line":57,"column":8},"end":{"line":57,"column":65}},"36":{"start":{"line":61,"column":0},"end":{"line":75,"column":1}},"37":{"start":{"line":62,"column":4},"end":{"line":72,"column":7}},"38":{"start":{"line":63,"column":8},"end":{"line":71,"column":11}},"39":{"start":{"line":64,"column":12},"end":{"line":66,"column":13}},"40":{"start":{"line":65,"column":16},"end":{"line":65,"column":34}},"41":{"start":{"line":67,"column":12},"end":{"line":70,"column":14}},"42":{"start":{"line":74,"column":4},"end":{"line":74,"column":18}},"43":{"start":{"line":77,"column":0},"end":{"line":99,"column":1}},"44":{"start":{"line":79,"column":4},"end":{"line":79,"column":41}},"45":{"start":{"line":80,"column":4},"end":{"line":90,"column":6}},"46":{"start":{"line":82,"column":8},"end":{"line":84,"column":9}},"47":{"start":{"line":83,"column":12},"end":{"line":83,"column":66}},"48":{"start":{"line":86,"column":8},"end":{"line":89,"column":10}},"49":{"start":{"line":88,"column":42},"end":{"line":88,"column":54}},"50":{"start":{"line":92,"column":4},"end":{"line":98,"column":7}},"51":{"start":{"line":93,"column":8},"end":{"line":97,"column":9}},"52":{"start":{"line":94,"column":12},"end":{"line":96,"column":52}},"53":{"start":{"line":101,"column":0},"end":{"line":134,"column":1}},"54":{"start":{"line":103,"column":4},"end":{"line":133,"column":11}},"55":{"start":{"line":104,"column":25},"end":{"line":104,"column":73}},"56":{"start":{"line":108,"column":12},"end":{"line":132,"column":15}},"57":{"start":{"line":112,"column":20},"end":{"line":127,"column":22}},"58":{"start":{"line":115,"column":24},"end":{"line":126,"column":25}},"59":{"start":{"line":117,"column":32},"end":{"line":117,"column":92}},"60":{"start":{"line":119,"column":32},"end":{"line":124,"column":39}},"61":{"start":{"line":121,"column":40},"end":{"line":123,"column":41}},"62":{"start":{"line":122,"column":44},"end":{"line":122,"column":94}},"63":{"start":{"line":130,"column":16},"end":{"line":130,"column":40}},"64":{"start":{"line":131,"column":16},"end":{"line":131,"column":92}},"65":{"start":{"line":136,"column":0},"end":{"line":150,"column":1}},"66":{"start":{"line":137,"column":4},"end":{"line":149,"column":11}},"67":{"start":{"line":139,"column":12},"end":{"line":139,"column":47}},"68":{"start":{"line":142,"column":12},"end":{"line":142,"column":27}},"69":{"start":{"line":146,"column":12},"end":{"line":146,"column":49}},"70":{"start":{"line":146,"column":39},"end":{"line":146,"column":49}},"71":{"start":{"line":148,"column":12},"end":{"line":148,"column":22}},"72":{"start":{"line":152,"column":0},"end":{"line":166,"column":1}},"73":{"start":{"line":153,"column":4},"end":{"line":153,"column":25}},"74":{"start":{"line":155,"column":4},"end":{"line":162,"column":7}},"75":{"start":{"line":156,"column":8},"end":{"line":161,"column":11}},"76":{"start":{"line":157,"column":12},"end":{"line":160,"column":15}},"77":{"start":{"line":163,"column":4},"end":{"line":165,"column":7}},"78":{"start":{"line":164,"column":8},"end":{"line":164,"column":101}},"79":{"start":{"line":164,"column":41},"end":{"line":164,"column":99}},"80":{"start":{"line":168,"column":0},"end":{"line":182,"column":1}},"81":{"start":{"line":169,"column":4},"end":{"line":169,"column":100}},"82":{"start":{"line":169,"column":44},"end":{"line":169,"column":98}},"83":{"start":{"line":171,"column":4},"end":{"line":173,"column":5}},"84":{"start":{"line":172,"column":8},"end":{"line":172,"column":37}},"85":{"start":{"line":177,"column":4},"end":{"line":181,"column":71}},"86":{"start":{"line":179,"column":22},"end":{"line":179,"column":30}},"87":{"start":{"line":181,"column":22},"end":{"line":181,"column":69}},"88":{"start":{"line":184,"column":0},"end":{"line":190,"column":1}},"89":{"start":{"line":185,"column":4},"end":{"line":189,"column":11}},"90":{"start":{"line":187,"column":12},"end":{"line":187,"column":43}},"91":{"start":{"line":188,"column":12},"end":{"line":188,"column":44}},"92":{"start":{"line":192,"column":0},"end":{"line":199,"column":1}},"93":{"start":{"line":193,"column":4},"end":{"line":193,"column":100}},"94":{"start":{"line":193,"column":44},"end":{"line":193,"column":98}},"95":{"start":{"line":194,"column":4},"end":{"line":197,"column":5}},"96":{"start":{"line":195,"column":8},"end":{"line":195,"column":56}},"97":{"start":{"line":196,"column":8},"end":{"line":196,"column":39}},"98":{"start":{"line":198,"column":4},"end":{"line":198,"column":22}},"99":{"start":{"line":201,"column":0},"end":{"line":204,"column":1}},"100":{"start":{"line":202,"column":4},"end":{"line":203,"column":48}},"101":{"start":{"line":203,"column":26},"end":{"line":203,"column":46}},"102":{"start":{"line":206,"column":0},"end":{"line":208,"column":1}},"103":{"start":{"line":207,"column":4},"end":{"line":207,"column":65}},"104":{"start":{"line":210,"column":0},"end":{"line":215,"column":1}},"105":{"start":{"line":211,"column":4},"end":{"line":214,"column":7}},"106":{"start":{"line":212,"column":8},"end":{"line":213,"column":33}},"107":{"start":{"line":213,"column":24},"end":{"line":213,"column":31}},"108":{"start":{"line":217,"column":0},"end":{"line":220,"column":1}},"109":{"start":{"line":218,"column":4},"end":{"line":219,"column":44}},"110":{"start":{"line":222,"column":0},"end":{"line":239,"column":1}},"111":{"start":{"line":223,"column":4},"end":{"line":238,"column":7}},"112":{"start":{"line":226,"column":8},"end":{"line":233,"column":11}},"113":{"start":{"line":227,"column":12},"end":{"line":227,"column":79}},"114":{"start":{"line":228,"column":12},"end":{"line":230,"column":28}},"115":{"start":{"line":229,"column":37},"end":{"line":229,"column":80}},"116":{"start":{"line":232,"column":12},"end":{"line":232,"column":98}},"117":{"start":{"line":235,"column":8},"end":{"line":237,"column":11}},"118":{"start":{"line":236,"column":12},"end":{"line":236,"column":80}},"119":{"start":{"line":241,"column":0},"end":{"line":241,"column":26}}},"branchMap":{"1":{"line":11,"type":"if","locations":[{"start":{"line":11,"column":8},"end":{"line":11,"column":8}},{"start":{"line":11,"column":8},"end":{"line":11,"column":8}}]},"2":{"line":15,"type":"cond-expr","locations":[{"start":{"line":15,"column":60},"end":{"line":15,"column":80}},{"start":{"line":15,"column":83},"end":{"line":15,"column":87}}]},"3":{"line":16,"type":"binary-expr","locations":[{"start":{"line":16,"column":25},"end":{"line":16,"column":43}},{"start":{"line":16,"column":47},"end":{"line":16,"column":57}}]},"4":{"line":28,"type":"if","locations":[{"start":{"line":28,"column":8},"end":{"line":28,"column":8}},{"start":{"line":28,"column":8},"end":{"line":28,"column":8}}]},"5":{"line":32,"type":"if","locations":[{"start":{"line":32,"column":8},"end":{"line":32,"column":8}},{"start":{"line":32,"column":8},"end":{"line":32,"column":8}}]},"6":{"line":43,"type":"if","locations":[{"start":{"line":43,"column":4},"end":{"line":43,"column":4}},{"start":{"line":43,"column":4},"end":{"line":43,"column":4}}]},"7":{"line":43,"type":"binary-expr","locations":[{"start":{"line":43,"column":8},"end":{"line":43,"column":26}},{"start":{"line":43,"column":30},"end":{"line":43,"column":68}}]},"8":{"line":47,"type":"if","locations":[{"start":{"line":47,"column":4},"end":{"line":47,"column":4}},{"start":{"line":47,"column":4},"end":{"line":47,"column":4}}]},"9":{"line":47,"type":"binary-expr","locations":[{"start":{"line":47,"column":8},"end":{"line":47,"column":31}},{"start":{"line":47,"column":35},"end":{"line":47,"column":78}}]},"10":{"line":51,"type":"if","locations":[{"start":{"line":51,"column":4},"end":{"line":51,"column":4}},{"start":{"line":51,"column":4},"end":{"line":51,"column":4}}]},"11":{"line":51,"type":"binary-expr","locations":[{"start":{"line":51,"column":9},"end":{"line":51,"column":27}},{"start":{"line":51,"column":31},"end":{"line":51,"column":54}},{"start":{"line":52,"column":11},"end":{"line":52,"column":59}}]},"12":{"line":52,"type":"binary-expr","locations":[{"start":{"line":52,"column":13},"end":{"line":52,"column":36}},{"start":{"line":52,"column":40},"end":{"line":52,"column":58}}]},"13":{"line":56,"type":"if","locations":[{"start":{"line":56,"column":4},"end":{"line":56,"column":4}},{"start":{"line":56,"column":4},"end":{"line":56,"column":4}}]},"14":{"line":56,"type":"binary-expr","locations":[{"start":{"line":56,"column":8},"end":{"line":56,"column":28}},{"start":{"line":56,"column":32},"end":{"line":56,"column":73}}]},"15":{"line":64,"type":"if","locations":[{"start":{"line":64,"column":12},"end":{"line":64,"column":12}},{"start":{"line":64,"column":12},"end":{"line":64,"column":12}}]},"16":{"line":64,"type":"binary-expr","locations":[{"start":{"line":64,"column":16},"end":{"line":64,"column":30}},{"start":{"line":64,"column":34},"end":{"line":64,"column":53}}]},"17":{"line":82,"type":"if","locations":[{"start":{"line":82,"column":8},"end":{"line":82,"column":8}},{"start":{"line":82,"column":8},"end":{"line":82,"column":8}}]},"18":{"line":93,"type":"if","locations":[{"start":{"line":93,"column":8},"end":{"line":93,"column":8}},{"start":{"line":93,"column":8},"end":{"line":93,"column":8}}]},"19":{"line":121,"type":"if","locations":[{"start":{"line":121,"column":40},"end":{"line":121,"column":40}},{"start":{"line":121,"column":40},"end":{"line":121,"column":40}}]},"20":{"line":146,"type":"if","locations":[{"start":{"line":146,"column":12},"end":{"line":146,"column":12}},{"start":{"line":146,"column":12},"end":{"line":146,"column":12}}]},"21":{"line":164,"type":"binary-expr","locations":[{"start":{"line":164,"column":41},"end":{"line":164,"column":63}},{"start":{"line":164,"column":67},"end":{"line":164,"column":99}}]},"22":{"line":169,"type":"binary-expr","locations":[{"start":{"line":169,"column":44},"end":{"line":169,"column":64}},{"start":{"line":169,"column":68},"end":{"line":169,"column":98}}]},"23":{"line":171,"type":"if","locations":[{"start":{"line":171,"column":4},"end":{"line":171,"column":4}},{"start":{"line":171,"column":4},"end":{"line":171,"column":4}}]},"24":{"line":181,"type":"binary-expr","locations":[{"start":{"line":181,"column":22},"end":{"line":181,"column":39}},{"start":{"line":181,"column":43},"end":{"line":181,"column":69}}]},"25":{"line":193,"type":"binary-expr","locations":[{"start":{"line":193,"column":44},"end":{"line":193,"column":64}},{"start":{"line":193,"column":68},"end":{"line":193,"column":98}}]},"26":{"line":194,"type":"if","locations":[{"start":{"line":194,"column":4},"end":{"line":194,"column":4}},{"start":{"line":194,"column":4},"end":{"line":194,"column":4}}]}}}}