{"/home/colin/Documents/Projects/download-cdn/download-cdn.js":{"path":"/home/colin/Documents/Projects/download-cdn/download-cdn.js","s":{"1":1,"2":1,"3":1,"4":1,"5":1,"6":1,"7":13,"8":13,"9":6,"10":13,"11":11,"12":11,"13":11,"14":11,"15":2,"16":11,"17":10,"18":10,"19":10,"20":8,"21":8,"22":6,"23":8,"24":2,"25":8,"26":11,"27":1,"28":13,"29":0,"30":13,"31":0,"32":13,"33":1,"34":12,"35":1,"36":1,"37":10,"38":20,"39":20,"40":29,"41":8,"42":21,"43":10,"44":1,"45":10,"46":10,"47":20,"48":19,"49":20,"50":29,"51":10,"52":18,"53":2,"54":1,"55":6,"56":6,"57":6,"58":12,"59":12,"60":18,"61":18,"62":18,"63":15,"64":6,"65":6,"66":1,"67":6,"68":4,"69":4,"70":2,"71":2,"72":0,"73":1,"74":6,"75":6,"76":12,"77":18,"78":6,"79":12,"80":24,"81":1,"82":18,"83":24,"84":18,"85":6,"86":12,"87":8,"88":12,"89":1,"90":15,"91":15,"92":15,"93":1,"94":15,"95":21,"96":15,"97":9,"98":9,"99":15,"100":1,"101":12,"102":4,"103":1,"104":19,"105":1,"106":15,"107":15,"108":15,"109":1,"110":17,"111":1,"112":2,"113":2,"114":4,"115":4,"116":6,"117":4,"118":2,"119":2,"120":1},"b":{"1":[6,7],"2":[4,7],"3":[11,8],"4":[6,2],"5":[2,6],"6":[0,13],"7":[13,3],"8":[0,13],"9":[13,2],"10":[1,12],"11":[13,10,3],"12":[3,2],"13":[1,11],"14":[12,3],"15":[8,21],"16":[29,8],"17":[19,1],"18":[2,16],"19":[15,3],"20":[2,0],"21":[24,12],"22":[24,12],"23":[6,12],"24":[12,4],"25":[21,9],"26":[9,6]},"f":{"1":13,"2":10,"3":10,"4":6,"5":6,"6":6,"7":18,"8":15,"9":15,"10":12,"11":19,"12":15,"13":17,"14":2},"fnMap":{"1":{"name":"validateOptions","line":42,"loc":{"start":{"line":42,"column":0},"end":{"line":42,"column":34}}},"2":{"name":"formatDependencies","line":61,"loc":{"start":{"line":61,"column":0},"end":{"line":61,"column":36}}},"3":{"name":"validateConfig","line":78,"loc":{"start":{"line":78,"column":0},"end":{"line":78,"column":32}}},"4":{"name":"downloadCdnLibs","line":102,"loc":{"start":{"line":102,"column":0},"end":{"line":102,"column":33}}},"5":{"name":"readCdnLockFile","line":137,"loc":{"start":{"line":137,"column":0},"end":{"line":137,"column":27}}},"6":{"name":"removeCdnLockEntriesNotInConfig","line":153,"loc":{"start":{"line":153,"column":0},"end":{"line":153,"column":58}}},"7":{"name":"shouldDownloadDependency","line":169,"loc":{"start":{"line":169,"column":0},"end":{"line":169,"column":58}}},"8":{"name":"downloadDependency","line":185,"loc":{"start":{"line":185,"column":0},"end":{"line":185,"column":48}}},"9":{"name":"updateCdnLockList","line":193,"loc":{"start":{"line":193,"column":0},"end":{"line":193,"column":41}}},"10":{"name":"hashFile","line":202,"loc":{"start":{"line":202,"column":0},"end":{"line":202,"column":28}}},"11":{"name":"createHash","line":207,"loc":{"start":{"line":207,"column":0},"end":{"line":207,"column":28}}},"12":{"name":"downloadFile","line":211,"loc":{"start":{"line":211,"column":0},"end":{"line":211,"column":44}}},"13":{"name":"sortByUrl","line":218,"loc":{"start":{"line":218,"column":0},"end":{"line":218,"column":25}}},"14":{"name":"addCdnEntriesToHtml","line":223,"loc":{"start":{"line":223,"column":0},"end":{"line":223,"column":66}}}},"statementMap":{"1":{"start":{"line":3,"column":0},"end":{"line":3,"column":36}},"2":{"start":{"line":4,"column":0},"end":{"line":4,"column":47}},"3":{"start":{"line":5,"column":0},"end":{"line":5,"column":52}},"4":{"start":{"line":6,"column":0},"end":{"line":6,"column":50}},"5":{"start":{"line":7,"column":0},"end":{"line":7,"column":33}},"6":{"start":{"line":9,"column":0},"end":{"line":40,"column":2}},"7":{"start":{"line":10,"column":4},"end":{"line":19,"column":5}},"8":{"start":{"line":11,"column":8},"end":{"line":11,"column":35}},"9":{"start":{"line":11,"column":22},"end":{"line":11,"column":35}},"10":{"start":{"line":12,"column":8},"end":{"line":12,"column":33}},"11":{"start":{"line":13,"column":8},"end":{"line":13,"column":44}},"12":{"start":{"line":14,"column":8},"end":{"line":14,"column":54}},"13":{"start":{"line":15,"column":8},"end":{"line":15,"column":88}},"14":{"start":{"line":16,"column":8},"end":{"line":16,"column":58}},"15":{"start":{"line":18,"column":8},"end":{"line":18,"column":35}},"16":{"start":{"line":22,"column":4},"end":{"line":37,"column":7}},"17":{"start":{"line":23,"column":8},"end":{"line":23,"column":38}},"18":{"start":{"line":24,"column":8},"end":{"line":24,"column":44}},"19":{"start":{"line":25,"column":8},"end":{"line":25,"column":31}},"20":{"start":{"line":26,"column":8},"end":{"line":26,"column":30}},"21":{"start":{"line":28,"column":8},"end":{"line":30,"column":9}},"22":{"start":{"line":29,"column":12},"end":{"line":29,"column":55}},"23":{"start":{"line":32,"column":8},"end":{"line":34,"column":9}},"24":{"start":{"line":33,"column":12},"end":{"line":33,"column":88}},"25":{"start":{"line":36,"column":8},"end":{"line":36,"column":41}},"26":{"start":{"line":39,"column":4},"end":{"line":39,"column":23}},"27":{"start":{"line":42,"column":0},"end":{"line":59,"column":1}},"28":{"start":{"line":43,"column":4},"end":{"line":45,"column":5}},"29":{"start":{"line":44,"column":8},"end":{"line":44,"column":62}},"30":{"start":{"line":47,"column":4},"end":{"line":49,"column":5}},"31":{"start":{"line":48,"column":8},"end":{"line":48,"column":67}},"32":{"start":{"line":51,"column":4},"end":{"line":54,"column":5}},"33":{"start":{"line":53,"column":8},"end":{"line":53,"column":107}},"34":{"start":{"line":56,"column":4},"end":{"line":58,"column":5}},"35":{"start":{"line":57,"column":8},"end":{"line":57,"column":65}},"36":{"start":{"line":61,"column":0},"end":{"line":76,"column":1}},"37":{"start":{"line":62,"column":4},"end":{"line":73,"column":7}},"38":{"start":{"line":63,"column":8},"end":{"line":63,"column":38}},"39":{"start":{"line":64,"column":8},"end":{"line":72,"column":11}},"40":{"start":{"line":65,"column":12},"end":{"line":67,"column":13}},"41":{"start":{"line":66,"column":16},"end":{"line":66,"column":34}},"42":{"start":{"line":68,"column":12},"end":{"line":71,"column":14}},"43":{"start":{"line":75,"column":4},"end":{"line":75,"column":18}},"44":{"start":{"line":78,"column":0},"end":{"line":100,"column":1}},"45":{"start":{"line":80,"column":4},"end":{"line":80,"column":41}},"46":{"start":{"line":81,"column":4},"end":{"line":91,"column":6}},"47":{"start":{"line":83,"column":8},"end":{"line":85,"column":9}},"48":{"start":{"line":84,"column":12},"end":{"line":84,"column":66}},"49":{"start":{"line":87,"column":8},"end":{"line":90,"column":10}},"50":{"start":{"line":89,"column":42},"end":{"line":89,"column":54}},"51":{"start":{"line":93,"column":4},"end":{"line":99,"column":7}},"52":{"start":{"line":94,"column":8},"end":{"line":98,"column":9}},"53":{"start":{"line":95,"column":12},"end":{"line":97,"column":52}},"54":{"start":{"line":102,"column":0},"end":{"line":135,"column":1}},"55":{"start":{"line":104,"column":4},"end":{"line":134,"column":11}},"56":{"start":{"line":105,"column":25},"end":{"line":105,"column":73}},"57":{"start":{"line":109,"column":12},"end":{"line":133,"column":15}},"58":{"start":{"line":113,"column":20},"end":{"line":128,"column":22}},"59":{"start":{"line":116,"column":24},"end":{"line":127,"column":25}},"60":{"start":{"line":118,"column":32},"end":{"line":118,"column":92}},"61":{"start":{"line":120,"column":32},"end":{"line":125,"column":39}},"62":{"start":{"line":122,"column":40},"end":{"line":124,"column":41}},"63":{"start":{"line":123,"column":44},"end":{"line":123,"column":94}},"64":{"start":{"line":131,"column":16},"end":{"line":131,"column":40}},"65":{"start":{"line":132,"column":16},"end":{"line":132,"column":92}},"66":{"start":{"line":137,"column":0},"end":{"line":151,"column":1}},"67":{"start":{"line":138,"column":4},"end":{"line":150,"column":11}},"68":{"start":{"line":140,"column":12},"end":{"line":140,"column":47}},"69":{"start":{"line":143,"column":12},"end":{"line":143,"column":27}},"70":{"start":{"line":147,"column":12},"end":{"line":147,"column":49}},"71":{"start":{"line":147,"column":39},"end":{"line":147,"column":49}},"72":{"start":{"line":149,"column":12},"end":{"line":149,"column":22}},"73":{"start":{"line":153,"column":0},"end":{"line":167,"column":1}},"74":{"start":{"line":154,"column":4},"end":{"line":154,"column":25}},"75":{"start":{"line":156,"column":4},"end":{"line":163,"column":7}},"76":{"start":{"line":157,"column":8},"end":{"line":162,"column":11}},"77":{"start":{"line":158,"column":12},"end":{"line":161,"column":15}},"78":{"start":{"line":164,"column":4},"end":{"line":166,"column":7}},"79":{"start":{"line":165,"column":8},"end":{"line":165,"column":101}},"80":{"start":{"line":165,"column":41},"end":{"line":165,"column":99}},"81":{"start":{"line":169,"column":0},"end":{"line":183,"column":1}},"82":{"start":{"line":170,"column":4},"end":{"line":170,"column":100}},"83":{"start":{"line":170,"column":44},"end":{"line":170,"column":98}},"84":{"start":{"line":172,"column":4},"end":{"line":174,"column":5}},"85":{"start":{"line":173,"column":8},"end":{"line":173,"column":37}},"86":{"start":{"line":178,"column":4},"end":{"line":182,"column":71}},"87":{"start":{"line":180,"column":22},"end":{"line":180,"column":30}},"88":{"start":{"line":182,"column":22},"end":{"line":182,"column":69}},"89":{"start":{"line":185,"column":0},"end":{"line":191,"column":1}},"90":{"start":{"line":186,"column":4},"end":{"line":190,"column":11}},"91":{"start":{"line":188,"column":12},"end":{"line":188,"column":43}},"92":{"start":{"line":189,"column":12},"end":{"line":189,"column":44}},"93":{"start":{"line":193,"column":0},"end":{"line":200,"column":1}},"94":{"start":{"line":194,"column":4},"end":{"line":194,"column":100}},"95":{"start":{"line":194,"column":44},"end":{"line":194,"column":98}},"96":{"start":{"line":195,"column":4},"end":{"line":198,"column":5}},"97":{"start":{"line":196,"column":8},"end":{"line":196,"column":56}},"98":{"start":{"line":197,"column":8},"end":{"line":197,"column":39}},"99":{"start":{"line":199,"column":4},"end":{"line":199,"column":22}},"100":{"start":{"line":202,"column":0},"end":{"line":205,"column":1}},"101":{"start":{"line":203,"column":4},"end":{"line":204,"column":48}},"102":{"start":{"line":204,"column":26},"end":{"line":204,"column":46}},"103":{"start":{"line":207,"column":0},"end":{"line":209,"column":1}},"104":{"start":{"line":208,"column":4},"end":{"line":208,"column":65}},"105":{"start":{"line":211,"column":0},"end":{"line":216,"column":1}},"106":{"start":{"line":212,"column":4},"end":{"line":215,"column":7}},"107":{"start":{"line":213,"column":8},"end":{"line":214,"column":33}},"108":{"start":{"line":214,"column":24},"end":{"line":214,"column":31}},"109":{"start":{"line":218,"column":0},"end":{"line":221,"column":1}},"110":{"start":{"line":219,"column":4},"end":{"line":220,"column":44}},"111":{"start":{"line":223,"column":0},"end":{"line":240,"column":1}},"112":{"start":{"line":224,"column":4},"end":{"line":239,"column":7}},"113":{"start":{"line":227,"column":8},"end":{"line":234,"column":11}},"114":{"start":{"line":228,"column":12},"end":{"line":228,"column":79}},"115":{"start":{"line":229,"column":12},"end":{"line":231,"column":28}},"116":{"start":{"line":230,"column":37},"end":{"line":230,"column":80}},"117":{"start":{"line":233,"column":12},"end":{"line":233,"column":98}},"118":{"start":{"line":236,"column":8},"end":{"line":238,"column":11}},"119":{"start":{"line":237,"column":12},"end":{"line":237,"column":80}},"120":{"start":{"line":242,"column":0},"end":{"line":242,"column":29}}},"branchMap":{"1":{"line":11,"type":"if","locations":[{"start":{"line":11,"column":8},"end":{"line":11,"column":8}},{"start":{"line":11,"column":8},"end":{"line":11,"column":8}}]},"2":{"line":15,"type":"cond-expr","locations":[{"start":{"line":15,"column":60},"end":{"line":15,"column":80}},{"start":{"line":15,"column":83},"end":{"line":15,"column":87}}]},"3":{"line":16,"type":"binary-expr","locations":[{"start":{"line":16,"column":25},"end":{"line":16,"column":43}},{"start":{"line":16,"column":47},"end":{"line":16,"column":57}}]},"4":{"line":28,"type":"if","locations":[{"start":{"line":28,"column":8},"end":{"line":28,"column":8}},{"start":{"line":28,"column":8},"end":{"line":28,"column":8}}]},"5":{"line":32,"type":"if","locations":[{"start":{"line":32,"column":8},"end":{"line":32,"column":8}},{"start":{"line":32,"column":8},"end":{"line":32,"column":8}}]},"6":{"line":43,"type":"if","locations":[{"start":{"line":43,"column":4},"end":{"line":43,"column":4}},{"start":{"line":43,"column":4},"end":{"line":43,"column":4}}]},"7":{"line":43,"type":"binary-expr","locations":[{"start":{"line":43,"column":8},"end":{"line":43,"column":26}},{"start":{"line":43,"column":30},"end":{"line":43,"column":68}}]},"8":{"line":47,"type":"if","locations":[{"start":{"line":47,"column":4},"end":{"line":47,"column":4}},{"start":{"line":47,"column":4},"end":{"line":47,"column":4}}]},"9":{"line":47,"type":"binary-expr","locations":[{"start":{"line":47,"column":8},"end":{"line":47,"column":31}},{"start":{"line":47,"column":35},"end":{"line":47,"column":78}}]},"10":{"line":51,"type":"if","locations":[{"start":{"line":51,"column":4},"end":{"line":51,"column":4}},{"start":{"line":51,"column":4},"end":{"line":51,"column":4}}]},"11":{"line":51,"type":"binary-expr","locations":[{"start":{"line":51,"column":9},"end":{"line":51,"column":27}},{"start":{"line":51,"column":31},"end":{"line":51,"column":54}},{"start":{"line":52,"column":11},"end":{"line":52,"column":59}}]},"12":{"line":52,"type":"binary-expr","locations":[{"start":{"line":52,"column":13},"end":{"line":52,"column":36}},{"start":{"line":52,"column":40},"end":{"line":52,"column":58}}]},"13":{"line":56,"type":"if","locations":[{"start":{"line":56,"column":4},"end":{"line":56,"column":4}},{"start":{"line":56,"column":4},"end":{"line":56,"column":4}}]},"14":{"line":56,"type":"binary-expr","locations":[{"start":{"line":56,"column":8},"end":{"line":56,"column":28}},{"start":{"line":56,"column":32},"end":{"line":56,"column":73}}]},"15":{"line":65,"type":"if","locations":[{"start":{"line":65,"column":12},"end":{"line":65,"column":12}},{"start":{"line":65,"column":12},"end":{"line":65,"column":12}}]},"16":{"line":65,"type":"binary-expr","locations":[{"start":{"line":65,"column":16},"end":{"line":65,"column":30}},{"start":{"line":65,"column":34},"end":{"line":65,"column":53}}]},"17":{"line":83,"type":"if","locations":[{"start":{"line":83,"column":8},"end":{"line":83,"column":8}},{"start":{"line":83,"column":8},"end":{"line":83,"column":8}}]},"18":{"line":94,"type":"if","locations":[{"start":{"line":94,"column":8},"end":{"line":94,"column":8}},{"start":{"line":94,"column":8},"end":{"line":94,"column":8}}]},"19":{"line":122,"type":"if","locations":[{"start":{"line":122,"column":40},"end":{"line":122,"column":40}},{"start":{"line":122,"column":40},"end":{"line":122,"column":40}}]},"20":{"line":147,"type":"if","locations":[{"start":{"line":147,"column":12},"end":{"line":147,"column":12}},{"start":{"line":147,"column":12},"end":{"line":147,"column":12}}]},"21":{"line":165,"type":"binary-expr","locations":[{"start":{"line":165,"column":41},"end":{"line":165,"column":63}},{"start":{"line":165,"column":67},"end":{"line":165,"column":99}}]},"22":{"line":170,"type":"binary-expr","locations":[{"start":{"line":170,"column":44},"end":{"line":170,"column":64}},{"start":{"line":170,"column":68},"end":{"line":170,"column":98}}]},"23":{"line":172,"type":"if","locations":[{"start":{"line":172,"column":4},"end":{"line":172,"column":4}},{"start":{"line":172,"column":4},"end":{"line":172,"column":4}}]},"24":{"line":182,"type":"binary-expr","locations":[{"start":{"line":182,"column":22},"end":{"line":182,"column":39}},{"start":{"line":182,"column":43},"end":{"line":182,"column":69}}]},"25":{"line":194,"type":"binary-expr","locations":[{"start":{"line":194,"column":44},"end":{"line":194,"column":64}},{"start":{"line":194,"column":68},"end":{"line":194,"column":98}}]},"26":{"line":195,"type":"if","locations":[{"start":{"line":195,"column":4},"end":{"line":195,"column":4}},{"start":{"line":195,"column":4},"end":{"line":195,"column":4}}]}}}}