TN:
SF:/home/colin/Documents/Projects/download-cdn/index.js
FN:42,validateOptions
FN:61,formatDependencies
FN:77,validateConfig
FN:101,downloadCdnLibs
FN:136,readCdnLockFile
FN:152,removeCdnLockEntriesNotInConfig
FN:168,shouldDownloadDependency
FN:184,downloadDependency
FN:192,updateCdnLockList
FN:201,hashFile
FN:206,createHash
FN:210,downloadFile
FN:217,sortByUrl
FN:222,addCdnEntriesToHtml
FNF:14
FNH:14
FNDA:13,validateOptions
FNDA:10,formatDependencies
FNDA:10,validateConfig
FNDA:6,downloadCdnLibs
FNDA:6,readCdnLockFile
FNDA:6,removeCdnLockEntriesNotInConfig
FNDA:18,shouldDownloadDependency
FNDA:15,downloadDependency
FNDA:15,updateCdnLockList
FNDA:12,hashFile
FNDA:19,createHash
FNDA:15,downloadFile
FNDA:16,sortByUrl
FNDA:2,addCdnEntriesToHtml
DA:3,1
DA:4,1
DA:5,1
DA:6,1
DA:7,1
DA:9,1
DA:10,13
DA:11,13
DA:12,13
DA:13,11
DA:14,11
DA:15,11
DA:16,11
DA:18,2
DA:22,11
DA:23,10
DA:24,10
DA:25,10
DA:26,8
DA:28,8
DA:29,6
DA:32,8
DA:33,2
DA:36,8
DA:39,11
DA:42,1
DA:43,13
DA:44,0
DA:47,13
DA:48,0
DA:51,13
DA:53,1
DA:56,12
DA:57,1
DA:61,1
DA:62,10
DA:63,20
DA:64,29
DA:65,8
DA:67,21
DA:74,10
DA:77,1
DA:79,10
DA:80,10
DA:82,20
DA:83,19
DA:86,20
DA:88,29
DA:92,10
DA:93,18
DA:94,2
DA:101,1
DA:103,6
DA:104,6
DA:108,6
DA:112,12
DA:115,12
DA:117,18
DA:119,18
DA:121,18
DA:122,15
DA:130,6
DA:131,6
DA:136,1
DA:137,6
DA:139,4
DA:142,4
DA:146,2
DA:148,0
DA:152,1
DA:153,6
DA:155,6
DA:156,12
DA:157,18
DA:163,6
DA:164,24
DA:168,1
DA:169,24
DA:171,18
DA:172,6
DA:177,12
DA:179,8
DA:181,12
DA:184,1
DA:185,15
DA:187,15
DA:188,15
DA:192,1
DA:193,17
DA:194,15
DA:195,9
DA:196,9
DA:198,15
DA:201,1
DA:202,12
DA:203,4
DA:206,1
DA:207,19
DA:210,1
DA:211,15
DA:212,15
DA:213,15
DA:217,1
DA:218,16
DA:222,1
DA:223,2
DA:226,2
DA:227,4
DA:228,4
DA:229,6
DA:232,4
DA:235,2
DA:236,2
DA:241,1
LF:114
LH:111
BRDA:11,1,0,6
BRDA:11,1,1,7
BRDA:15,2,0,4
BRDA:15,2,1,7
BRDA:16,3,0,11
BRDA:16,3,1,8
BRDA:28,4,0,6
BRDA:28,4,1,2
BRDA:32,5,0,2
BRDA:32,5,1,6
BRDA:43,6,0,0
BRDA:43,6,1,13
BRDA:43,7,0,13
BRDA:43,7,1,3
BRDA:47,8,0,0
BRDA:47,8,1,13
BRDA:47,9,0,13
BRDA:47,9,1,2
BRDA:51,10,0,1
BRDA:51,10,1,12
BRDA:51,11,0,13
BRDA:51,11,1,10
BRDA:51,11,2,3
BRDA:52,12,0,3
BRDA:52,12,1,2
BRDA:56,13,0,1
BRDA:56,13,1,11
BRDA:56,14,0,12
BRDA:56,14,1,3
BRDA:64,15,0,8
BRDA:64,15,1,21
BRDA:64,16,0,29
BRDA:64,16,1,8
BRDA:82,17,0,19
BRDA:82,17,1,1
BRDA:93,18,0,2
BRDA:93,18,1,16
BRDA:121,19,0,15
BRDA:121,19,1,3
BRDA:146,20,0,2
BRDA:146,20,1,0
BRDA:164,21,0,24
BRDA:164,21,1,12
BRDA:169,22,0,24
BRDA:169,22,1,12
BRDA:171,23,0,6
BRDA:171,23,1,12
BRDA:181,24,0,12
BRDA:181,24,1,4
BRDA:193,25,0,17
BRDA:193,25,1,9
BRDA:194,26,0,9
BRDA:194,26,1,6
BRF:53
BRH:50
end_of_record
