TN:
SF:/home/colin/Documents/Projects/download-cdn/download-cdn.js
FN:42,validateOptions
FN:61,formatDependencies
FN:78,validateConfig
FN:102,downloadCdnLibs
FN:137,readCdnLockFile
FN:153,removeCdnLockEntriesNotInConfig
FN:169,shouldDownloadDependency
FN:185,downloadDependency
FN:193,updateCdnLockList
FN:202,hashFile
FN:207,createHash
FN:211,downloadFile
FN:218,sortByUrl
FN:223,addCdnEntriesToHtml
FNF:14
FNH:14
FNDA:13,validateOptions
FNDA:10,formatDependencies
FNDA:10,validateConfig
FNDA:6,downloadCdnLibs
FNDA:6,readCdnLockFile
FNDA:6,removeCdnLockEntriesNotInConfig
FNDA:18,shouldDownloadDependency
FNDA:15,downloadDependency
FNDA:15,updateCdnLockList
FNDA:12,hashFile
FNDA:19,createHash
FNDA:15,downloadFile
FNDA:17,sortByUrl
FNDA:2,addCdnEntriesToHtml
DA:3,1
DA:4,1
DA:5,1
DA:6,1
DA:7,1
DA:9,1
DA:10,13
DA:11,13
DA:12,13
DA:13,11
DA:14,11
DA:15,11
DA:16,11
DA:18,2
DA:22,11
DA:23,10
DA:24,10
DA:25,10
DA:26,8
DA:28,8
DA:29,6
DA:32,8
DA:33,2
DA:36,8
DA:39,11
DA:42,1
DA:43,13
DA:44,0
DA:47,13
DA:48,0
DA:51,13
DA:53,1
DA:56,12
DA:57,1
DA:61,1
DA:62,10
DA:63,20
DA:64,20
DA:65,29
DA:66,8
DA:68,21
DA:75,10
DA:78,1
DA:80,10
DA:81,10
DA:83,20
DA:84,19
DA:87,20
DA:89,29
DA:93,10
DA:94,18
DA:95,2
DA:102,1
DA:104,6
DA:105,6
DA:109,6
DA:113,12
DA:116,12
DA:118,18
DA:120,18
DA:122,18
DA:123,15
DA:131,6
DA:132,6
DA:137,1
DA:138,6
DA:140,4
DA:143,4
DA:147,2
DA:149,0
DA:153,1
DA:154,6
DA:156,6
DA:157,12
DA:158,18
DA:164,6
DA:165,24
DA:169,1
DA:170,24
DA:172,18
DA:173,6
DA:178,12
DA:180,8
DA:182,12
DA:185,1
DA:186,15
DA:188,15
DA:189,15
DA:193,1
DA:194,21
DA:195,15
DA:196,9
DA:197,9
DA:199,15
DA:202,1
DA:203,12
DA:204,4
DA:207,1
DA:208,19
DA:211,1
DA:212,15
DA:213,15
DA:214,15
DA:218,1
DA:219,17
DA:223,1
DA:224,2
DA:227,2
DA:228,4
DA:229,4
DA:230,6
DA:233,4
DA:236,2
DA:237,2
DA:242,1
LF:115
LH:112
BRDA:11,1,0,6
BRDA:11,1,1,7
BRDA:15,2,0,4
BRDA:15,2,1,7
BRDA:16,3,0,11
BRDA:16,3,1,8
BRDA:28,4,0,6
BRDA:28,4,1,2
BRDA:32,5,0,2
BRDA:32,5,1,6
BRDA:43,6,0,0
BRDA:43,6,1,13
BRDA:43,7,0,13
BRDA:43,7,1,3
BRDA:47,8,0,0
BRDA:47,8,1,13
BRDA:47,9,0,13
BRDA:47,9,1,2
BRDA:51,10,0,1
BRDA:51,10,1,12
BRDA:51,11,0,13
BRDA:51,11,1,10
BRDA:51,11,2,3
BRDA:52,12,0,3
BRDA:52,12,1,2
BRDA:56,13,0,1
BRDA:56,13,1,11
BRDA:56,14,0,12
BRDA:56,14,1,3
BRDA:65,15,0,8
BRDA:65,15,1,21
BRDA:65,16,0,29
BRDA:65,16,1,8
BRDA:83,17,0,19
BRDA:83,17,1,1
BRDA:94,18,0,2
BRDA:94,18,1,16
BRDA:122,19,0,15
BRDA:122,19,1,3
BRDA:147,20,0,2
BRDA:147,20,1,0
BRDA:165,21,0,24
BRDA:165,21,1,12
BRDA:170,22,0,24
BRDA:170,22,1,12
BRDA:172,23,0,6
BRDA:172,23,1,12
BRDA:182,24,0,12
BRDA:182,24,1,4
BRDA:194,25,0,21
BRDA:194,25,1,9
BRDA:195,26,0,9
BRDA:195,26,1,6
BRF:53
BRH:50
end_of_record
